switch_features_handler is called
switch_features_handler is called
switch_features_handler is called
switch_features_handler is called
switch_features_handler is called
**********List of switches
Switch<dpid=1, Port<dpid=1, port_no=1, LIVE> Port<dpid=1, port_no=2, LIVE> Port<dpid=1, port_no=3, LIVE> >
**********List of links
[]
**********List of switches
Switch<dpid=1, Port<dpid=1, port_no=1, LIVE> Port<dpid=1, port_no=2, LIVE> Port<dpid=1, port_no=3, LIVE> >
Switch<dpid=3, Port<dpid=3, port_no=1, LIVE> Port<dpid=3, port_no=2, LIVE> Port<dpid=3, port_no=3, LIVE> >
Switch<dpid=4, Port<dpid=4, port_no=1, LIVE> Port<dpid=4, port_no=2, LIVE> Port<dpid=4, port_no=3, LIVE> >
Switch<dpid=5, Port<dpid=5, port_no=1, LIVE> Port<dpid=5, port_no=2, LIVE> Port<dpid=5, port_no=3, LIVE> >
**********List of links
[]
**********List of switches
Switch<dpid=1, Port<dpid=1, port_no=1, LIVE> Port<dpid=1, port_no=2, LIVE> Port<dpid=1, port_no=3, LIVE> >
Switch<dpid=2, Port<dpid=2, port_no=1, LIVE> Port<dpid=2, port_no=2, LIVE> Port<dpid=2, port_no=3, LIVE> >
Switch<dpid=3, Port<dpid=3, port_no=1, LIVE> Port<dpid=3, port_no=2, LIVE> Port<dpid=3, port_no=3, LIVE> >
Switch<dpid=4, Port<dpid=4, port_no=1, LIVE> Port<dpid=4, port_no=2, LIVE> Port<dpid=4, port_no=3, LIVE> >
Switch<dpid=5, Port<dpid=5, port_no=1, LIVE> Port<dpid=5, port_no=2, LIVE> Port<dpid=5, port_no=3, LIVE> >
**********List of links
[(1, 2), (2, 1), (2, 3), (3, 2), (3, 4), (4, 3), (4, 5), (5, 4)]
**********List of switches
Switch<dpid=1, Port<dpid=1, port_no=1, LIVE> Port<dpid=1, port_no=2, LIVE> Port<dpid=1, port_no=3, LIVE> >
Switch<dpid=2, Port<dpid=2, port_no=1, LIVE> Port<dpid=2, port_no=2, LIVE> Port<dpid=2, port_no=3, LIVE> >
Switch<dpid=3, Port<dpid=3, port_no=1, LIVE> Port<dpid=3, port_no=2, LIVE> Port<dpid=3, port_no=3, LIVE> >
Switch<dpid=4, Port<dpid=4, port_no=1, LIVE> Port<dpid=4, port_no=2, LIVE> Port<dpid=4, port_no=3, LIVE> >
Switch<dpid=5, Port<dpid=5, port_no=1, LIVE> Port<dpid=5, port_no=2, LIVE> Port<dpid=5, port_no=3, LIVE> >
**********List of links
[(1, 2), (2, 1), (2, 3), (3, 2), (3, 4), (4, 3), (4, 5), (5, 4)]
**********List of switches
Switch<dpid=1, Port<dpid=1, port_no=1, LIVE> Port<dpid=1, port_no=2, LIVE> Port<dpid=1, port_no=3, LIVE> >
Switch<dpid=2, Port<dpid=2, port_no=1, LIVE> Port<dpid=2, port_no=2, LIVE> Port<dpid=2, port_no=3, LIVE> >
Switch<dpid=3, Port<dpid=3, port_no=1, LIVE> Port<dpid=3, port_no=2, LIVE> Port<dpid=3, port_no=3, LIVE> >
Switch<dpid=4, Port<dpid=4, port_no=1, LIVE> Port<dpid=4, port_no=2, LIVE> Port<dpid=4, port_no=3, LIVE> >
Switch<dpid=5, Port<dpid=5, port_no=1, LIVE> Port<dpid=5, port_no=2, LIVE> Port<dpid=5, port_no=3, LIVE> >
**********List of links
[(1, 2), (2, 1), (2, 3), (3, 2), (3, 4), (4, 3), (4, 5), (5, 4)]
